
Log for 'CPLEX' Clone_2 (V12.7.1.0) Fri Oct 06 14:10:21 2017


Iteration log . . .
Iteration:     1   Dual objective     =            -0.568607
Iteration:   198   Dual objective     =           -85.536704
Reinitializing dual norms . . .

Primal simplex solved model.


Log for 'CPLEX' Clone_2 (V12.7.1.0) Fri Oct 06 14:33:08 2017


Iteration log . . .
Iteration:     1   Dual objective     =            -0.568607
Iteration:   198   Dual objective     =           -85.536704
Reinitializing dual norms . . .

Primal simplex solved model.


Log for 'CPLEX' Clone_2 (V12.7.1.0) Fri Oct 06 14:33:28 2017


Iteration log . . .
Iteration:     1   Dual objective     =            -0.568607
Iteration:   237   Dual objective     =          -102.145845
Reinitializing dual norms . . .

Primal simplex solved model.


Log for 'CPLEX' Clone_2 (V12.7.1.0) Fri Oct 06 14:33:48 2017


Iteration log . . .
Iteration:     1   Dual objective     =            -0.568607
Iteration:   315   Dual objective     =          -127.480952
Reinitializing dual norms . . .

Primal simplex solved model.


Log for 'CPLEX' Clone_2 (V12.7.1.0) Fri Oct 06 14:34:09 2017


Iteration log . . .
Iteration:     1   Dual objective     =            -0.568607
Iteration:   420   Dual objective     =          -161.477873
Iteration:   544   Dual objective     =          -189.640906
Iteration:   737   Dual objective     =          -189.707137
Reinitializing dual norms . . .

Primal simplex solved model.


Log for 'CPLEX' Clone_2 (V12.7.1.0) Fri Oct 06 14:35:36 2017


Iteration log . . .
Iteration:     1   Dual objective     =            -0.568607
Iteration:   198   Dual objective     =           -85.536704
Reinitializing dual norms . . .

Primal simplex solved model.


Log for 'CPLEX' Clone_2 (V12.7.1.0) Fri Oct 06 14:35:56 2017


Iteration log . . .
Iteration:     1   Dual objective     =            -0.568607
Iteration:   237   Dual objective     =          -102.145845
Reinitializing dual norms . . .

Primal simplex solved model.


Log for 'CPLEX' Clone_2 (V12.7.1.0) Fri Oct 06 14:55:17 2017


Iteration log . . .
Iteration:     1   Dual objective     =            -0.568607
Iteration:   198   Dual objective     =           -85.536704
Reinitializing dual norms . . .

Primal simplex solved model.


Log for 'CPLEX' Clone_2 (V12.7.1.0) Fri Oct 06 14:55:42 2017


Iteration log . . .
Iteration:     1   Dual objective     =            -0.568607
Iteration:   237   Dual objective     =          -102.145845
Reinitializing dual norms . . .

Primal simplex solved model.


Log for 'CPLEX' Clone_2 (V12.7.1.0) Fri Oct 06 15:12:30 2017


Iteration log . . .
Iteration:     1   Dual objective     =            -0.568607
Iteration:   198   Dual objective     =           -85.536704
Reinitializing dual norms . . .

Primal simplex solved model.


Log for 'CPLEX' Clone_2 (V12.7.1.0) Fri Oct 06 15:20:45 2017


Iteration log . . .
Iteration:     1   Dual objective     =            -0.568607
Iteration:   198   Dual objective     =           -85.536704
Reinitializing dual norms . . .

Primal simplex solved model.


Log for 'CPLEX' Clone_2 (V12.7.1.0) Fri Oct 06 15:21:34 2017


Iteration log . . .
Iteration:     1   Dual objective     =            -0.568607
Iteration:   315   Dual objective     =          -127.480952
Reinitializing dual norms . . .

Primal simplex solved model.


Log for 'CPLEX' Clone_2 (V12.7.1.0) Fri Oct 06 15:23:28 2017


Iteration log . . .
Iteration:     1   Dual objective     =            -0.568607
Iteration:   198   Dual objective     =           -85.536704
Reinitializing dual norms . . .

Primal simplex solved model.


Log for 'CPLEX' Clone_2 (V12.7.1.0) Fri Oct 06 15:23:56 2017


Iteration log . . .
Iteration:     1   Dual objective     =            -0.568607
Iteration:   315   Dual objective     =          -127.480952
Reinitializing dual norms . . .

Primal simplex solved model.


Log for 'CPLEX' Clone_2 (V12.7.1.0) Fri Oct 06 15:25:06 2017


Iteration log . . .
Iteration:     1   Dual objective     =            -0.568607
Iteration:   198   Dual objective     =           -85.536704
Reinitializing dual norms . . .

Primal simplex solved model.


Log for 'CPLEX' Clone_2 (V12.7.1.0) Fri Oct 06 15:25:25 2017


Iteration log . . .
Iteration:     1   Dual objective     =            -0.568607
Iteration:   237   Dual objective     =          -102.145845
Reinitializing dual norms . . .

Primal simplex solved model.


Log for 'CPLEX' Clone_2 (V12.7.1.0) Fri Oct 06 15:25:45 2017


Iteration log . . .
Iteration:     1   Dual objective     =            -0.568607
Iteration:   315   Dual objective     =          -127.480952
Reinitializing dual norms . . .

Primal simplex solved model.


Log for 'CPLEX' Clone_2 (V12.7.1.0) Fri Oct 06 15:26:05 2017


Iteration log . . .
Iteration:     1   Dual objective     =            -0.568607
Iteration:   420   Dual objective     =          -161.477873
Iteration:   544   Dual objective     =          -189.640906
Iteration:   737   Dual objective     =          -189.707137
Reinitializing dual norms . . .

Primal simplex solved model.


Log for 'CPLEX' Clone_2 (V12.7.1.0) Fri Oct 06 15:26:25 2017


Iteration log . . .
Iteration:     1   Dual objective     =            -0.568607
Iteration:   420   Dual objective     =          -161.477873
Iteration:   730   Dual objective     =          -224.879451
Iteration:   928   Dual objective     =          -251.292053
Iteration:  1118   Dual objective     =          -251.402524
Perturbation started.
Iteration:  1202   Dual objective     =          -251.402524
Iteration:  1376   Dual objective     =          -251.421983
Iteration:  1526   Dual objective     =          -251.434877
Iteration:  1661   Dual objective     =          -251.451433
Removing perturbation.
Reinitializing dual norms . . .

Primal simplex solved model.


Log for 'CPLEX' Clone_2 (V12.7.1.0) Fri Oct 06 15:26:45 2017


Iteration log . . .
Iteration:     1   Dual objective     =            -0.568607
Iteration:   420   Dual objective     =          -161.477873
Iteration:   730   Dual objective     =          -224.879451
Iteration:  1005   Dual objective     =          -266.071377
Iteration:  1289   Dual objective     =          -305.556428
Iteration:  1576   Dual objective     =          -342.357568
Iteration:  1874   Dual objective     =          -375.098894
Iteration:  2148   Dual objective     =          -391.406785
Iteration:  2387   Dual objective     =          -409.911049
Iteration:  2615   Dual objective     =          -419.934098
Perturbation started.
Iteration:  2702   Dual objective     =          -419.934098
Iteration:  2950   Dual objective     =          -445.457647
Iteration:  3098   Dual objective     =          -448.708507
Iteration:  3325   Dual objective     =          -468.183859
Iteration:  3513   Dual objective     =          -487.396117
Iteration:  3719   Dual objective     =          -504.013439
Iteration:  3949   Dual objective     =          -538.968760
Iteration:  4160   Dual objective     =          -564.123664
Iteration:  4311   Dual objective     =          -576.793891
Iteration:  4443   Dual objective     =          -577.289775
Iteration:  4612   Dual objective     =          -599.324189
Iteration:  4704   Dual objective     =          -599.324193
Iteration:  4791   Dual objective     =          -599.324197
Iteration:  4876   Dual objective     =          -599.324204
Iteration:  4957   Dual objective     =          -599.324210
Iteration:  5035   Dual objective     =          -599.324214
Iteration:  5113   Dual objective     =          -605.082059
Iteration:  5189   Dual objective     =          -605.082061
Iteration:  5267   Dual objective     =          -605.082065
Iteration:  5343   Dual objective     =          -605.082069
Iteration:  5420   Dual objective     =          -605.082072
Iteration:  5492   Dual objective     =          -605.082076
Iteration:  5563   Dual objective     =          -605.082080
Iteration:  5635   Dual objective     =          -605.082084
Iteration:  5705   Dual objective     =          -605.082090
Iteration:  5778   Dual objective     =          -605.082102
Iteration:  5851   Dual objective     =          -605.082110
Iteration:  5921   Dual objective     =          -605.082119
Iteration:  5993   Dual objective     =          -605.082127
Iteration:  6064   Dual objective     =          -605.082138
Iteration:  6136   Dual objective     =          -605.082152
Iteration:  6205   Dual objective     =          -605.082163
Iteration:  6273   Dual objective     =          -605.082173
Iteration:  6343   Dual objective     =          -605.082184
Iteration:  6411   Dual objective     =          -605.082196
Iteration:  6480   Dual objective     =          -662.187031
Iteration:  6550   Dual objective     =          -662.187044
Iteration:  6620   Dual objective     =          -662.187059
Iteration:  6692   Dual objective     =          -662.187070
Iteration:  6761   Dual objective     =          -662.187083
Iteration:  6831   Dual objective     =          -662.187095
Iteration:  6896   Dual objective     =          -662.187110
Iteration:  6968   Dual objective     =          -662.187128
Iteration:  7043   Dual objective     =          -662.187143
Iteration:  7112   Dual objective     =          -662.187154
Iteration:  7184   Dual objective     =          -662.187162
Iteration:  7252   Dual objective     =          -662.187172
Iteration:  7322   Dual objective     =          -662.187188
Iteration:  7394   Dual objective     =          -662.187203
Iteration:  7467   Dual objective     =          -662.187215
Iteration:  7539   Dual objective     =          -662.187224
Iteration:  7612   Dual objective     =          -662.187231
Iteration:  7683   Dual objective     =          -662.187238
Iteration:  7751   Dual objective     =          -662.187243
Iteration:  7820   Dual objective     =          -662.187248
Iteration:  7891   Dual objective     =          -662.187252
Iteration:  7963   Dual objective     =          -662.187256
Iteration:  8030   Dual objective     =          -662.187260
Iteration:  8099   Dual objective     =          -662.187265
Iteration:  8168   Dual objective     =          -662.187268
Iteration:  8239   Dual objective     =          -662.187272
Iteration:  8307   Dual objective     =          -662.187276
Iteration:  8377   Dual objective     =          -662.187280
Iteration:  8447   Dual objective     =          -662.187284
Iteration:  8515   Dual objective     =          -662.187288
Iteration:  8587   Dual objective     =          -662.187292
Iteration:  8657   Dual objective     =          -662.187296
Iteration:  8727   Dual objective     =          -662.187300
Iteration:  8799   Dual objective     =          -662.187303
Iteration:  8869   Dual objective     =          -662.187326
Iteration:  8938   Dual objective     =          -662.187330
Iteration:  9005   Dual objective     =          -662.187334
Iteration:  9075   Dual objective     =          -662.187339
Removing perturbation.

Barrier solved model.


Log for 'CPLEX' Clone_2 (V12.7.1.0) Fri Oct 06 15:34:12 2017


Iteration log . . .
Iteration:     1   Dual objective     =            -0.568607
Iteration:   198   Dual objective     =           -85.536704
Reinitializing dual norms . . .

Primal simplex solved model.


Log for 'CPLEX' Clone_2 (V12.7.1.0) Fri Oct 06 15:34:31 2017


Iteration log . . .
Iteration:     1   Dual objective     =            -0.568607
Iteration:   237   Dual objective     =          -102.145845
Reinitializing dual norms . . .

Primal simplex solved model.


Log for 'CPLEX' Clone_2 (V12.7.1.0) Fri Oct 06 15:34:53 2017


Iteration log . . .
Iteration:     1   Dual objective     =            -0.568607
Iteration:   315   Dual objective     =          -127.480952
Reinitializing dual norms . . .

Primal simplex solved model.


Log for 'CPLEX' Clone_2 (V12.7.1.0) Fri Oct 06 15:35:14 2017


Iteration log . . .
Iteration:     1   Dual objective     =            -0.568607
Iteration:   420   Dual objective     =          -161.477873
Iteration:   544   Dual objective     =          -189.640906
Iteration:   737   Dual objective     =          -189.707137
Reinitializing dual norms . . .

Primal simplex solved model.


Log for 'CPLEX' Clone_2 (V12.7.1.0) Fri Oct 06 15:35:34 2017


Iteration log . . .
Iteration:     1   Dual objective     =            -0.568607
Iteration:   420   Dual objective     =          -161.477873
Iteration:   730   Dual objective     =          -224.879451
Iteration:   928   Dual objective     =          -251.292053
Iteration:  1118   Dual objective     =          -251.402524
Perturbation started.
Iteration:  1202   Dual objective     =          -251.402524
Iteration:  1376   Dual objective     =          -251.421983
Iteration:  1526   Dual objective     =          -251.434877
Iteration:  1661   Dual objective     =          -251.451433
Removing perturbation.
Reinitializing dual norms . . .

Primal simplex solved model.


Log for 'CPLEX' Clone_2 (V12.7.1.0) Fri Oct 06 15:35:54 2017


Iteration log . . .
Iteration:     1   Dual objective     =            -0.568607
Iteration:   420   Dual objective     =          -161.477873
Iteration:   730   Dual objective     =          -224.879451
Iteration:  1005   Dual objective     =          -266.071377
Iteration:  1289   Dual objective     =          -305.556428
Iteration:  1576   Dual objective     =          -342.357568
Iteration:  1874   Dual objective     =          -375.098894
Iteration:  2148   Dual objective     =          -391.406785
Iteration:  2387   Dual objective     =          -409.911049
Iteration:  2615   Dual objective     =          -419.934098
Perturbation started.
Iteration:  2702   Dual objective     =          -419.934098
Iteration:  2950   Dual objective     =          -445.457647
Iteration:  3098   Dual objective     =          -448.708507
Iteration:  3325   Dual objective     =          -468.183859
Iteration:  3513   Dual objective     =          -487.396117
Iteration:  3719   Dual objective     =          -504.013439
Iteration:  3949   Dual objective     =          -538.968760
Iteration:  4160   Dual objective     =          -564.123664
Iteration:  4311   Dual objective     =          -576.793891
Iteration:  4443   Dual objective     =          -577.289775
Iteration:  4612   Dual objective     =          -599.324189
Iteration:  4704   Dual objective     =          -599.324193
Iteration:  4791   Dual objective     =          -599.324197
Iteration:  4876   Dual objective     =          -599.324204
Iteration:  4957   Dual objective     =          -599.324210
Iteration:  5035   Dual objective     =          -599.324214
Iteration:  5113   Dual objective     =          -605.082059
Iteration:  5189   Dual objective     =          -605.082061
Iteration:  5267   Dual objective     =          -605.082065
Iteration:  5343   Dual objective     =          -605.082069
Iteration:  5420   Dual objective     =          -605.082072
Iteration:  5492   Dual objective     =          -605.082076
Iteration:  5563   Dual objective     =          -605.082080
Iteration:  5635   Dual objective     =          -605.082084
Iteration:  5705   Dual objective     =          -605.082090
Iteration:  5778   Dual objective     =          -605.082102
Iteration:  5851   Dual objective     =          -605.082110
Iteration:  5921   Dual objective     =          -605.082119
Iteration:  5993   Dual objective     =          -605.082127
Iteration:  6064   Dual objective     =          -605.082138
Iteration:  6136   Dual objective     =          -605.082152
Iteration:  6205   Dual objective     =          -605.082163
Iteration:  6273   Dual objective     =          -605.082173
Iteration:  6343   Dual objective     =          -605.082184
Iteration:  6411   Dual objective     =          -605.082196
Iteration:  6480   Dual objective     =          -662.187031
Iteration:  6550   Dual objective     =          -662.187044
Iteration:  6620   Dual objective     =          -662.187059
Iteration:  6692   Dual objective     =          -662.187070
Iteration:  6761   Dual objective     =          -662.187083
Iteration:  6831   Dual objective     =          -662.187095
Iteration:  6896   Dual objective     =          -662.187110
Iteration:  6968   Dual objective     =          -662.187128
Iteration:  7043   Dual objective     =          -662.187143
Iteration:  7112   Dual objective     =          -662.187154
Iteration:  7184   Dual objective     =          -662.187162
Iteration:  7252   Dual objective     =          -662.187172
Iteration:  7322   Dual objective     =          -662.187188
Iteration:  7394   Dual objective     =          -662.187203
Iteration:  7467   Dual objective     =          -662.187215
Iteration:  7539   Dual objective     =          -662.187224
Iteration:  7612   Dual objective     =          -662.187231
Iteration:  7683   Dual objective     =          -662.187238
Iteration:  7751   Dual objective     =          -662.187243
Iteration:  7820   Dual objective     =          -662.187248
Iteration:  7891   Dual objective     =          -662.187252
Iteration:  7963   Dual objective     =          -662.187256
Iteration:  8030   Dual objective     =          -662.187260
Iteration:  8099   Dual objective     =          -662.187265
Iteration:  8168   Dual objective     =          -662.187268
Iteration:  8239   Dual objective     =          -662.187272
Iteration:  8307   Dual objective     =          -662.187276
Iteration:  8377   Dual objective     =          -662.187280
Iteration:  8447   Dual objective     =          -662.187284
Iteration:  8515   Dual objective     =          -662.187288
Iteration:  8587   Dual objective     =          -662.187292
Iteration:  8657   Dual objective     =          -662.187296
Iteration:  8727   Dual objective     =          -662.187300
Iteration:  8799   Dual objective     =          -662.187303
Iteration:  8869   Dual objective     =          -662.187326
Iteration:  8938   Dual objective     =          -662.187330
Iteration:  9005   Dual objective     =          -662.187334
Iteration:  9075   Dual objective     =          -662.187339
Removing perturbation.

Barrier solved model.


Log for 'CPLEX' Clone_2 (V12.7.1.0) Fri Oct 06 15:50:13 2017


Iteration log . . .
Iteration:     1   Dual objective     =            -0.568607
Iteration:   198   Dual objective     =           -85.536704
Reinitializing dual norms . . .

Primal simplex solved model.


Log for 'CPLEX' Clone_2 (V12.7.1.0) Fri Oct 06 15:50:32 2017


Iteration log . . .
Iteration:     1   Dual objective     =            -0.587471
Iteration:   205   Dual objective     =           -85.480744
Reinitializing dual norms . . .

Primal simplex solved model.


Log for 'CPLEX' Clone_2 (V12.7.1.0) Fri Oct 06 15:50:54 2017


Iteration log . . .
Iteration:     1   Dual objective     =            -0.587471
Iteration:   205   Dual objective     =           -85.480744
Reinitializing dual norms . . .

Primal simplex solved model.


Log for 'CPLEX' Clone_2 (V12.7.1.0) Fri Oct 06 15:51:13 2017


Iteration log . . .
Iteration:     1   Dual objective     =            -0.587471
Iteration:   205   Dual objective     =           -85.480744
Reinitializing dual norms . . .

Primal simplex solved model.


Log for 'CPLEX' Clone_2 (V12.7.1.0) Fri Oct 06 15:51:32 2017


Iteration log . . .
Iteration:     1   Dual objective     =            -0.587471
Iteration:   205   Dual objective     =           -85.480744
Reinitializing dual norms . . .

Primal simplex solved model.


Log for 'CPLEX' Clone_2 (V12.7.1.0) Fri Oct 06 15:51:51 2017


Iteration log . . .
Iteration:     1   Dual objective     =            -0.587471
Iteration:   205   Dual objective     =           -85.480744
Reinitializing dual norms . . .

Primal simplex solved model.


Log for 'CPLEX' Clone_2 (V12.7.1.0) Fri Oct 06 15:52:10 2017


Iteration log . . .
Iteration:     1   Dual objective     =            -0.587471
Iteration:   205   Dual objective     =           -85.480744
Reinitializing dual norms . . .

Primal simplex solved model.


Log for 'CPLEX' Clone_2 (V12.7.1.0) Fri Oct 06 15:52:29 2017


Iteration log . . .
Iteration:     1   Dual objective     =            -0.587471
Iteration:   205   Dual objective     =           -85.480744
Reinitializing dual norms . . .

Primal simplex solved model.


Log for 'CPLEX' Clone_2 (V12.7.1.0) Fri Oct 06 15:52:48 2017


Iteration log . . .
Iteration:     1   Dual objective     =            -0.587471
Iteration:   205   Dual objective     =           -85.480744
Reinitializing dual norms . . .

Primal simplex solved model.


Log for 'CPLEX' Clone_2 (V12.7.1.0) Fri Oct 06 15:53:07 2017


Iteration log . . .
Iteration:     1   Dual objective     =            -0.587471
Iteration:   205   Dual objective     =           -85.480744
Reinitializing dual norms . . .

Primal simplex solved model.


Log for 'CPLEX' Clone_2 (V12.7.1.0) Fri Oct 06 15:53:27 2017


Iteration log . . .
Iteration:     1   Dual objective     =            -0.568607
Iteration:   237   Dual objective     =          -102.145845
Reinitializing dual norms . . .

Primal simplex solved model.


Log for 'CPLEX' Clone_2 (V12.7.1.0) Fri Oct 06 15:53:47 2017


Iteration log . . .
Iteration:     1   Dual objective     =            -0.587471
Iteration:   252   Dual objective     =          -102.117026
Reinitializing dual norms . . .

Primal simplex solved model.


Log for 'CPLEX' Clone_2 (V12.7.1.0) Fri Oct 06 15:54:06 2017


Iteration log . . .
Iteration:     1   Dual objective     =            -0.587471
Iteration:   252   Dual objective     =          -102.117026
Reinitializing dual norms . . .

Primal simplex solved model.


Log for 'CPLEX' Clone_2 (V12.7.1.0) Fri Oct 06 15:54:26 2017


Iteration log . . .
Iteration:     1   Dual objective     =            -0.587471
Iteration:   252   Dual objective     =          -102.117026
Reinitializing dual norms . . .

Primal simplex solved model.


Log for 'CPLEX' Clone_2 (V12.7.1.0) Fri Oct 06 15:54:46 2017


Iteration log . . .
Iteration:     1   Dual objective     =            -0.587471
Iteration:   252   Dual objective     =          -102.117026
Reinitializing dual norms . . .

Primal simplex solved model.


Log for 'CPLEX' Clone_2 (V12.7.1.0) Fri Oct 06 15:55:06 2017


Iteration log . . .
Iteration:     1   Dual objective     =            -0.587471
Iteration:   252   Dual objective     =          -102.117026
Reinitializing dual norms . . .

Primal simplex solved model.


Log for 'CPLEX' Clone_2 (V12.7.1.0) Fri Oct 06 15:55:25 2017


Iteration log . . .
Iteration:     1   Dual objective     =            -0.587471
Iteration:   252   Dual objective     =          -102.117026
Reinitializing dual norms . . .

Primal simplex solved model.


Log for 'CPLEX' Clone_2 (V12.7.1.0) Fri Oct 06 15:55:48 2017


Iteration log . . .
Iteration:     1   Dual objective     =            -0.587471
Iteration:   252   Dual objective     =          -102.117026
Reinitializing dual norms . . .

Primal simplex solved model.


Log for 'CPLEX' Clone_2 (V12.7.1.0) Fri Oct 06 15:56:14 2017


Iteration log . . .
Iteration:     1   Dual objective     =            -0.587471
Iteration:   252   Dual objective     =          -102.117026
Reinitializing dual norms . . .

Primal simplex solved model.


Log for 'CPLEX' Clone_2 (V12.7.1.0) Fri Oct 06 15:56:37 2017


Iteration log . . .
Iteration:     1   Dual objective     =            -0.587471
Iteration:   252   Dual objective     =          -102.117026
Reinitializing dual norms . . .

Primal simplex solved model.


Log for 'CPLEX' Clone_2 (V12.7.1.0) Fri Oct 06 15:56:59 2017


Iteration log . . .
Iteration:     1   Dual objective     =            -0.568607
Iteration:   315   Dual objective     =          -127.480952
Reinitializing dual norms . . .

Primal simplex solved model.


Log for 'CPLEX' Clone_2 (V12.7.1.0) Fri Oct 06 15:57:22 2017


Iteration log . . .
Iteration:     1   Dual objective     =            -0.587471
Iteration:   341   Dual objective     =          -127.463004
Reinitializing dual norms . . .

Primal simplex solved model.


Log for 'CPLEX' Clone_2 (V12.7.1.0) Fri Oct 06 15:57:45 2017


Iteration log . . .
Iteration:     1   Dual objective     =            -0.587471
Iteration:   341   Dual objective     =          -127.463004
Reinitializing dual norms . . .

Primal simplex solved model.


Log for 'CPLEX' Clone_2 (V12.7.1.0) Fri Oct 06 15:58:08 2017


Iteration log . . .
Iteration:     1   Dual objective     =            -0.587471
Iteration:   341   Dual objective     =          -127.463004
Reinitializing dual norms . . .

Primal simplex solved model.


Log for 'CPLEX' Clone_2 (V12.7.1.0) Fri Oct 06 15:58:28 2017


Iteration log . . .
Iteration:     1   Dual objective     =            -0.587471
Iteration:   341   Dual objective     =          -127.463004
Reinitializing dual norms . . .

Primal simplex solved model.


Log for 'CPLEX' Clone_2 (V12.7.1.0) Fri Oct 06 15:58:48 2017


Iteration log . . .
Iteration:     1   Dual objective     =            -0.587471
Iteration:   341   Dual objective     =          -127.463004
Reinitializing dual norms . . .

Primal simplex solved model.


Log for 'CPLEX' Clone_2 (V12.7.1.0) Fri Oct 06 15:59:11 2017


Iteration log . . .
Iteration:     1   Dual objective     =            -0.587471
Iteration:   341   Dual objective     =          -127.463004
Reinitializing dual norms . . .

Primal simplex solved model.


Log for 'CPLEX' Clone_2 (V12.7.1.0) Fri Oct 06 15:59:34 2017


Iteration log . . .
Iteration:     1   Dual objective     =            -0.587471
Iteration:   341   Dual objective     =          -127.463004
Reinitializing dual norms . . .

Primal simplex solved model.


Log for 'CPLEX' Clone_2 (V12.7.1.0) Fri Oct 06 15:59:55 2017


Iteration log . . .
Iteration:     1   Dual objective     =            -0.587471
Iteration:   341   Dual objective     =          -127.463004
Reinitializing dual norms . . .

Primal simplex solved model.


Log for 'CPLEX' Clone_2 (V12.7.1.0) Fri Oct 06 16:00:16 2017


Iteration log . . .
Iteration:     1   Dual objective     =            -0.587471
Iteration:   341   Dual objective     =          -127.463004
Reinitializing dual norms . . .

Primal simplex solved model.


Log for 'CPLEX' Clone_2 (V12.7.1.0) Fri Oct 06 16:00:35 2017


Iteration log . . .
Iteration:     1   Dual objective     =            -0.568607
Iteration:   420   Dual objective     =          -161.477873
Iteration:   544   Dual objective     =          -189.640906
Iteration:   737   Dual objective     =          -189.707137
Reinitializing dual norms . . .

Primal simplex solved model.


Log for 'CPLEX' Clone_2 (V12.7.1.0) Fri Oct 06 16:00:53 2017


Iteration log . . .
Iteration:     1   Dual objective     =            -0.587471
Iteration:   417   Dual objective     =          -149.602170
Iteration:   606   Dual objective     =          -189.595745
Iteration:   807   Dual objective     =          -189.704109
Reinitializing dual norms . . .

Primal simplex solved model.


Log for 'CPLEX' Clone_2 (V12.7.1.0) Fri Oct 06 16:01:13 2017


Iteration log . . .
Iteration:     1   Dual objective     =            -0.587471
Iteration:   417   Dual objective     =          -149.602170
Iteration:   606   Dual objective     =          -189.595745
Iteration:   807   Dual objective     =          -189.704109
Reinitializing dual norms . . .

Primal simplex solved model.


Log for 'CPLEX' Clone_2 (V12.7.1.0) Fri Oct 06 16:01:30 2017


Iteration log . . .
Iteration:     1   Dual objective     =            -0.587471
Iteration:   417   Dual objective     =          -149.602170
Iteration:   606   Dual objective     =          -189.595745
Iteration:   807   Dual objective     =          -189.704109
Reinitializing dual norms . . .

Primal simplex solved model.


Log for 'CPLEX' Clone_2 (V12.7.1.0) Fri Oct 06 16:01:47 2017


Iteration log . . .
Iteration:     1   Dual objective     =            -0.587471
Iteration:   417   Dual objective     =          -149.602170
Iteration:   606   Dual objective     =          -189.595745
Iteration:   807   Dual objective     =          -189.704109
Reinitializing dual norms . . .

Primal simplex solved model.


Log for 'CPLEX' Clone_2 (V12.7.1.0) Fri Oct 06 16:02:04 2017


Iteration log . . .
Iteration:     1   Dual objective     =            -0.587471
Iteration:   417   Dual objective     =          -149.602170
Iteration:   606   Dual objective     =          -189.595745
Iteration:   807   Dual objective     =          -189.704109
Reinitializing dual norms . . .

Primal simplex solved model.


Log for 'CPLEX' Clone_2 (V12.7.1.0) Fri Oct 06 16:02:25 2017


Iteration log . . .
Iteration:     1   Dual objective     =            -0.587471
Iteration:   417   Dual objective     =          -149.602170
Iteration:   606   Dual objective     =          -189.595745
Iteration:   807   Dual objective     =          -189.704109
Reinitializing dual norms . . .

Primal simplex solved model.


Log for 'CPLEX' Clone_2 (V12.7.1.0) Fri Oct 06 16:02:48 2017


Iteration log . . .
Iteration:     1   Dual objective     =            -0.587471
Iteration:   417   Dual objective     =          -149.602170
Iteration:   606   Dual objective     =          -189.595745
Iteration:   807   Dual objective     =          -189.704109
Reinitializing dual norms . . .

Primal simplex solved model.


Log for 'CPLEX' Clone_2 (V12.7.1.0) Fri Oct 06 16:03:11 2017


Iteration log . . .
Iteration:     1   Dual objective     =            -0.587471
Iteration:   417   Dual objective     =          -149.602170
Iteration:   606   Dual objective     =          -189.595745
Iteration:   807   Dual objective     =          -189.704109
Reinitializing dual norms . . .

Primal simplex solved model.


Log for 'CPLEX' Clone_2 (V12.7.1.0) Fri Oct 06 16:03:32 2017


Iteration log . . .
Iteration:     1   Dual objective     =            -0.587471
Iteration:   417   Dual objective     =          -149.602170
Iteration:   606   Dual objective     =          -189.595745
Iteration:   807   Dual objective     =          -189.704109
Reinitializing dual norms . . .

Primal simplex solved model.


Log for 'CPLEX' Clone_2 (V12.7.1.0) Fri Oct 06 16:03:52 2017


Iteration log . . .
Iteration:     1   Dual objective     =            -0.568607
Iteration:   420   Dual objective     =          -161.477873
Iteration:   730   Dual objective     =          -224.879451
Iteration:   928   Dual objective     =          -251.292053
Iteration:  1118   Dual objective     =          -251.402524
Perturbation started.
Iteration:  1202   Dual objective     =          -251.402524
Iteration:  1376   Dual objective     =          -251.421983
Iteration:  1526   Dual objective     =          -251.434877
Iteration:  1661   Dual objective     =          -251.451433
Removing perturbation.
Reinitializing dual norms . . .

Primal simplex solved model.


Log for 'CPLEX' Clone_2 (V12.7.1.0) Fri Oct 06 16:04:15 2017


Iteration log . . .
Iteration:     1   Dual objective     =            -0.587471
Iteration:   417   Dual objective     =          -149.602170
Iteration:   761   Dual objective     =          -226.894337
Iteration:   960   Dual objective     =          -251.306735
Perturbation started.
Iteration:  1101   Dual objective     =          -251.374507
Iteration:  1282   Dual objective     =          -251.451427
Iteration:  1486   Dual objective     =          -251.483176
Removing perturbation.
Reinitializing dual norms . . .

Primal simplex solved model.


Log for 'CPLEX' Clone_2 (V12.7.1.0) Fri Oct 06 16:04:35 2017


Iteration log . . .
Iteration:     1   Dual objective     =            -0.587471
Iteration:   417   Dual objective     =          -149.602170
Iteration:   761   Dual objective     =          -226.894337
Iteration:   960   Dual objective     =          -251.306735
Perturbation started.
Iteration:  1101   Dual objective     =          -251.374507
Iteration:  1282   Dual objective     =          -251.451427
Iteration:  1486   Dual objective     =          -251.483176
Removing perturbation.
Reinitializing dual norms . . .

Primal simplex solved model.


Log for 'CPLEX' Clone_2 (V12.7.1.0) Fri Oct 06 16:04:55 2017


Iteration log . . .
Iteration:     1   Dual objective     =            -0.587471
Iteration:   417   Dual objective     =          -149.602170
Iteration:   761   Dual objective     =          -226.894337
Iteration:   960   Dual objective     =          -251.306735
Perturbation started.
Iteration:  1101   Dual objective     =          -251.374507
Iteration:  1282   Dual objective     =          -251.451427
Iteration:  1486   Dual objective     =          -251.483176
Removing perturbation.
Reinitializing dual norms . . .

Primal simplex solved model.


Log for 'CPLEX' Clone_2 (V12.7.1.0) Fri Oct 06 16:05:16 2017


Iteration log . . .
Iteration:     1   Dual objective     =            -0.587471
Iteration:   417   Dual objective     =          -149.602170
Iteration:   761   Dual objective     =          -226.894337
Iteration:   960   Dual objective     =          -251.306735
Perturbation started.
Iteration:  1101   Dual objective     =          -251.374507
Iteration:  1282   Dual objective     =          -251.451427
Iteration:  1486   Dual objective     =          -251.483176
Removing perturbation.
Reinitializing dual norms . . .

Primal simplex solved model.


Log for 'CPLEX' Clone_2 (V12.7.1.0) Fri Oct 06 16:05:36 2017


Iteration log . . .
Iteration:     1   Dual objective     =            -0.587471
Iteration:   417   Dual objective     =          -149.602170
Iteration:   761   Dual objective     =          -226.894337
Iteration:   960   Dual objective     =          -251.306735
Perturbation started.
Iteration:  1101   Dual objective     =          -251.374507
Iteration:  1282   Dual objective     =          -251.451427
Iteration:  1486   Dual objective     =          -251.483176
Removing perturbation.
Reinitializing dual norms . . .

Primal simplex solved model.


Log for 'CPLEX' Clone_2 (V12.7.1.0) Fri Oct 06 16:05:57 2017


Iteration log . . .
Iteration:     1   Dual objective     =            -0.587471
Iteration:   417   Dual objective     =          -149.602170
Iteration:   761   Dual objective     =          -226.894337
Iteration:   960   Dual objective     =          -251.306735
Perturbation started.
Iteration:  1101   Dual objective     =          -251.374507
Iteration:  1282   Dual objective     =          -251.451427
Iteration:  1486   Dual objective     =          -251.483176
Removing perturbation.
Reinitializing dual norms . . .

Primal simplex solved model.


Log for 'CPLEX' Clone_2 (V12.7.1.0) Fri Oct 06 16:06:18 2017


Iteration log . . .
Iteration:     1   Dual objective     =            -0.587471
Iteration:   417   Dual objective     =          -149.602170
Iteration:   761   Dual objective     =          -226.894337
Iteration:   960   Dual objective     =          -251.306735
Perturbation started.
Iteration:  1101   Dual objective     =          -251.374507
Iteration:  1282   Dual objective     =          -251.451427
Iteration:  1486   Dual objective     =          -251.483176
Removing perturbation.
Reinitializing dual norms . . .

Primal simplex solved model.


Log for 'CPLEX' Clone_2 (V12.7.1.0) Fri Oct 06 16:06:38 2017


Iteration log . . .
Iteration:     1   Dual objective     =            -0.587471
Iteration:   417   Dual objective     =          -149.602170
Iteration:   761   Dual objective     =          -226.894337
Iteration:   960   Dual objective     =          -251.306735
Perturbation started.
Iteration:  1101   Dual objective     =          -251.374507
Iteration:  1282   Dual objective     =          -251.451427
Iteration:  1486   Dual objective     =          -251.483176
Removing perturbation.
Reinitializing dual norms . . .

Primal simplex solved model.


Log for 'CPLEX' Clone_2 (V12.7.1.0) Fri Oct 06 16:06:58 2017


Iteration log . . .
Iteration:     1   Dual objective     =            -0.587471
Iteration:   417   Dual objective     =          -149.602170
Iteration:   761   Dual objective     =          -226.894337
Iteration:   960   Dual objective     =          -251.306735
Perturbation started.
Iteration:  1101   Dual objective     =          -251.374507
Iteration:  1282   Dual objective     =          -251.451427
Iteration:  1486   Dual objective     =          -251.483176
Removing perturbation.
Reinitializing dual norms . . .

Primal simplex solved model.


Log for 'CPLEX' Clone_2 (V12.7.1.0) Fri Oct 06 16:07:21 2017


Iteration log . . .
Iteration:     1   Dual objective     =            -0.568607
Iteration:   420   Dual objective     =          -161.477873
Iteration:   730   Dual objective     =          -224.879451
Iteration:  1005   Dual objective     =          -266.071377
Iteration:  1289   Dual objective     =          -305.556428
Iteration:  1576   Dual objective     =          -342.357568
Iteration:  1874   Dual objective     =          -375.098894
Iteration:  2148   Dual objective     =          -391.406785
Iteration:  2387   Dual objective     =          -409.911049
Iteration:  2615   Dual objective     =          -419.934098
Perturbation started.
Iteration:  2702   Dual objective     =          -419.934098
Iteration:  2950   Dual objective     =          -445.457647
Iteration:  3098   Dual objective     =          -448.708507
Iteration:  3325   Dual objective     =          -468.183859
Iteration:  3513   Dual objective     =          -487.396117
Iteration:  3719   Dual objective     =          -504.013439
Iteration:  3949   Dual objective     =          -538.968760
Iteration:  4160   Dual objective     =          -564.123664
Iteration:  4311   Dual objective     =          -576.793891
Iteration:  4443   Dual objective     =          -577.289775
Iteration:  4612   Dual objective     =          -599.324189
Iteration:  4704   Dual objective     =          -599.324193
Iteration:  4791   Dual objective     =          -599.324197
Iteration:  4876   Dual objective     =          -599.324204
Iteration:  4957   Dual objective     =          -599.324210
Iteration:  5035   Dual objective     =          -599.324214
Iteration:  5113   Dual objective     =          -605.082059
Iteration:  5189   Dual objective     =          -605.082061
Iteration:  5267   Dual objective     =          -605.082065
Iteration:  5343   Dual objective     =          -605.082069
Iteration:  5420   Dual objective     =          -605.082072
Iteration:  5492   Dual objective     =          -605.082076
Iteration:  5563   Dual objective     =          -605.082080
Iteration:  5635   Dual objective     =          -605.082084
Iteration:  5705   Dual objective     =          -605.082090
Iteration:  5778   Dual objective     =          -605.082102
Iteration:  5851   Dual objective     =          -605.082110
Iteration:  5921   Dual objective     =          -605.082119
Iteration:  5993   Dual objective     =          -605.082127
Iteration:  6064   Dual objective     =          -605.082138
Iteration:  6136   Dual objective     =          -605.082152
Iteration:  6205   Dual objective     =          -605.082163
Iteration:  6273   Dual objective     =          -605.082173
Iteration:  6343   Dual objective     =          -605.082184
Iteration:  6411   Dual objective     =          -605.082196
Iteration:  6480   Dual objective     =          -662.187031
Iteration:  6550   Dual objective     =          -662.187044
Iteration:  6620   Dual objective     =          -662.187059
Iteration:  6692   Dual objective     =          -662.187070
Iteration:  6761   Dual objective     =          -662.187083
Iteration:  6831   Dual objective     =          -662.187095
Iteration:  6896   Dual objective     =          -662.187110
Iteration:  6968   Dual objective     =          -662.187128
Iteration:  7043   Dual objective     =          -662.187143
Iteration:  7112   Dual objective     =          -662.187154
Iteration:  7184   Dual objective     =          -662.187162
Iteration:  7252   Dual objective     =          -662.187172
Iteration:  7322   Dual objective     =          -662.187188
Iteration:  7394   Dual objective     =          -662.187203
Iteration:  7467   Dual objective     =          -662.187215
Iteration:  7539   Dual objective     =          -662.187224
Iteration:  7612   Dual objective     =          -662.187231
Iteration:  7683   Dual objective     =          -662.187238
Iteration:  7751   Dual objective     =          -662.187243
Iteration:  7820   Dual objective     =          -662.187248
Iteration:  7891   Dual objective     =          -662.187252
Iteration:  7963   Dual objective     =          -662.187256
Iteration:  8030   Dual objective     =          -662.187260
Iteration:  8099   Dual objective     =          -662.187265
Iteration:  8168   Dual objective     =          -662.187268
Iteration:  8239   Dual objective     =          -662.187272
Iteration:  8307   Dual objective     =          -662.187276
Iteration:  8377   Dual objective     =          -662.187280
Iteration:  8447   Dual objective     =          -662.187284
Iteration:  8515   Dual objective     =          -662.187288
Iteration:  8587   Dual objective     =          -662.187292
Iteration:  8657   Dual objective     =          -662.187296
Iteration:  8727   Dual objective     =          -662.187300
Iteration:  8799   Dual objective     =          -662.187303
Iteration:  8869   Dual objective     =          -662.187326
Iteration:  8938   Dual objective     =          -662.187330
Iteration:  9005   Dual objective     =          -662.187334
Iteration:  9075   Dual objective     =          -662.187339
Removing perturbation.

Barrier solved model.


Log for 'CPLEX' Clone_2 (V12.7.1.0) Fri Oct 06 16:07:47 2017


Iteration log . . .
Iteration:     1   Dual objective     =            -0.587471
Iteration:   417   Dual objective     =          -149.602170
Iteration:   761   Dual objective     =          -226.894337
Iteration:  1052   Dual objective     =          -263.509393
Iteration:  1319   Dual objective     =          -299.469622
Iteration:  1592   Dual objective     =          -333.244374
Iteration:  1832   Dual objective     =          -358.057850
Iteration:  2103   Dual objective     =          -386.251068
Iteration:  2327   Dual objective     =          -411.879134
Iteration:  2595   Dual objective     =          -430.472597
Perturbation started.
Iteration:  2702   Dual objective     =          -430.472597
Iteration:  2950   Dual objective     =          -450.503459
Iteration:  3192   Dual objective     =          -487.978744
Iteration:  3434   Dual objective     =          -508.939228
Iteration:  3717   Dual objective     =          -556.239413
Iteration:  3931   Dual objective     =          -587.024575
Iteration:  4078   Dual objective     =          -593.464742
Iteration:  4241   Dual objective     =          -616.584765
Iteration:  4391   Dual objective     =          -630.947127
Iteration:  4510   Dual objective     =          -638.364536
Iteration:  4664   Dual objective     =          -656.637050
Iteration:  4797   Dual objective     =          -677.338761
Iteration:  4960   Dual objective     =          -698.486268
Iteration:  5129   Dual objective     =          -718.108377
Iteration:  5227   Dual objective     =          -718.108379
Iteration:  5308   Dual objective     =          -718.108382
Iteration:  5392   Dual objective     =          -718.108385
Iteration:  5470   Dual objective     =          -718.108387
Iteration:  5546   Dual objective     =          -718.108390
Iteration:  5623   Dual objective     =          -718.108393
Iteration:  5699   Dual objective     =          -718.108395
Iteration:  5766   Dual objective     =          -734.912202
Iteration:  5838   Dual objective     =          -734.912202
Iteration:  5915   Dual objective     =          -734.912202
Iteration:  5992   Dual objective     =          -734.912202
Iteration:  6066   Dual objective     =          -734.912202
Iteration:  6141   Dual objective     =          -734.912202
Iteration:  6215   Dual objective     =          -734.912202
Iteration:  6289   Dual objective     =          -734.912202
Iteration:  6365   Dual objective     =          -734.912202
Iteration:  6436   Dual objective     =          -734.912202
Iteration:  6511   Dual objective     =          -734.912202
Iteration:  6583   Dual objective     =          -734.912202
Iteration:  6652   Dual objective     =          -734.912202
Iteration:  6721   Dual objective     =          -734.912202
Iteration:  6791   Dual objective     =          -734.912202
Iteration:  6865   Dual objective     =          -734.912202
Iteration:  6936   Dual objective     =          -734.912202
Iteration:  7005   Dual objective     =          -734.912202
Iteration:  7077   Dual objective     =          -734.912202
Iteration:  7149   Dual objective     =          -734.912202
Iteration:  7221   Dual objective     =          -734.912202
Iteration:  7291   Dual objective     =          -734.912202
Iteration:  7361   Dual objective     =          -734.912202
Iteration:  7431   Dual objective     =          -734.912202
Iteration:  7499   Dual objective     =          -734.912202
Iteration:  7567   Dual objective     =          -734.912203
Iteration:  7639   Dual objective     =          -734.912203
Iteration:  7710   Dual objective     =          -734.912203
Iteration:  7777   Dual objective     =          -734.912203
Iteration:  7847   Dual objective     =          -734.912203
Iteration:  7916   Dual objective     =          -735.015610
Iteration:  7984   Dual objective     =          -735.015610
Iteration:  8053   Dual objective     =          -735.015610
Iteration:  8122   Dual objective     =          -735.015610
Iteration:  8190   Dual objective     =          -735.015610
Iteration:  8258   Dual objective     =          -735.015610
Iteration:  8328   Dual objective     =          -735.015610
Iteration:  8396   Dual objective     =          -735.015610
Iteration:  8465   Dual objective     =          -735.015610
Iteration:  8533   Dual objective     =          -735.015610
Iteration:  8602   Dual objective     =          -735.015610
Iteration:  8671   Dual objective     =          -735.015610
Iteration:  8743   Dual objective     =          -735.015610
Iteration:  8817   Dual objective     =          -735.015610
Iteration:  8886   Dual objective     =          -735.015610
Iteration:  8956   Dual objective     =          -735.015610
Iteration:  9025   Dual objective     =          -735.015610
Iteration:  9093   Dual objective     =          -735.015610
Iteration:  9162   Dual objective     =          -735.015610
Iteration:  9230   Dual objective     =          -735.015610
Removing perturbation.

Barrier solved model.


Log for 'CPLEX' Clone_2 (V12.7.1.0) Fri Oct 06 16:08:13 2017


Iteration log . . .
Iteration:     1   Dual objective     =            -0.587471
Iteration:   417   Dual objective     =          -149.602170
Iteration:   761   Dual objective     =          -226.894337
Iteration:  1052   Dual objective     =          -263.509393
Iteration:  1319   Dual objective     =          -299.469622
Iteration:  1592   Dual objective     =          -333.244374
Iteration:  1832   Dual objective     =          -358.057850
Iteration:  2103   Dual objective     =          -386.251068
Iteration:  2327   Dual objective     =          -411.879134
Iteration:  2595   Dual objective     =          -430.472597
Perturbation started.
Iteration:  2702   Dual objective     =          -430.472597
Iteration:  2950   Dual objective     =          -450.503459
Iteration:  3192   Dual objective     =          -487.978744
Iteration:  3434   Dual objective     =          -508.939228
Iteration:  3717   Dual objective     =          -556.239413
Iteration:  3931   Dual objective     =          -587.024575
Iteration:  4078   Dual objective     =          -593.464742
Iteration:  4241   Dual objective     =          -616.584765
Iteration:  4391   Dual objective     =          -630.947127
Iteration:  4510   Dual objective     =          -638.364536
Iteration:  4664   Dual objective     =          -656.637050
Iteration:  4797   Dual objective     =          -677.338761
Iteration:  4960   Dual objective     =          -698.486268
Iteration:  5129   Dual objective     =          -718.108377
Iteration:  5227   Dual objective     =          -718.108379
Iteration:  5308   Dual objective     =          -718.108382
Iteration:  5392   Dual objective     =          -718.108385
Iteration:  5470   Dual objective     =          -718.108387
Iteration:  5546   Dual objective     =          -718.108390
Iteration:  5623   Dual objective     =          -718.108393
Iteration:  5699   Dual objective     =          -718.108395
Iteration:  5766   Dual objective     =          -734.912202
Iteration:  5838   Dual objective     =          -734.912202
Iteration:  5915   Dual objective     =          -734.912202
Iteration:  5992   Dual objective     =          -734.912202
Iteration:  6066   Dual objective     =          -734.912202
Iteration:  6141   Dual objective     =          -734.912202
Iteration:  6215   Dual objective     =          -734.912202
Iteration:  6289   Dual objective     =          -734.912202
Iteration:  6365   Dual objective     =          -734.912202
Iteration:  6436   Dual objective     =          -734.912202
Iteration:  6511   Dual objective     =          -734.912202
Iteration:  6583   Dual objective     =          -734.912202
Iteration:  6652   Dual objective     =          -734.912202
Iteration:  6721   Dual objective     =          -734.912202
Iteration:  6791   Dual objective     =          -734.912202
Iteration:  6865   Dual objective     =          -734.912202
Iteration:  6936   Dual objective     =          -734.912202
Iteration:  7005   Dual objective     =          -734.912202
Iteration:  7077   Dual objective     =          -734.912202
Iteration:  7149   Dual objective     =          -734.912202
Iteration:  7221   Dual objective     =          -734.912202
Iteration:  7291   Dual objective     =          -734.912202
Iteration:  7361   Dual objective     =          -734.912202
Iteration:  7431   Dual objective     =          -734.912202
Iteration:  7499   Dual objective     =          -734.912202
Iteration:  7567   Dual objective     =          -734.912203
Iteration:  7639   Dual objective     =          -734.912203
Iteration:  7710   Dual objective     =          -734.912203
Iteration:  7777   Dual objective     =          -734.912203
Iteration:  7847   Dual objective     =          -734.912203
Iteration:  7916   Dual objective     =          -735.015610
Iteration:  7984   Dual objective     =          -735.015610
Iteration:  8053   Dual objective     =          -735.015610
Iteration:  8122   Dual objective     =          -735.015610
Iteration:  8190   Dual objective     =          -735.015610
Iteration:  8258   Dual objective     =          -735.015610
Iteration:  8328   Dual objective     =          -735.015610
Iteration:  8396   Dual objective     =          -735.015610
Iteration:  8465   Dual objective     =          -735.015610
Iteration:  8533   Dual objective     =          -735.015610
Iteration:  8602   Dual objective     =          -735.015610
Iteration:  8671   Dual objective     =          -735.015610
Iteration:  8743   Dual objective     =          -735.015610
Iteration:  8817   Dual objective     =          -735.015610
Iteration:  8886   Dual objective     =          -735.015610
Iteration:  8956   Dual objective     =          -735.015610
Iteration:  9025   Dual objective     =          -735.015610
Iteration:  9093   Dual objective     =          -735.015610
Iteration:  9162   Dual objective     =          -735.015610
Iteration:  9230   Dual objective     =          -735.015610
Removing perturbation.

Barrier solved model.


Log for 'CPLEX' Clone_2 (V12.7.1.0) Fri Oct 06 16:08:39 2017


Iteration log . . .
Iteration:     1   Dual objective     =            -0.587471
Iteration:   417   Dual objective     =          -149.602170
Iteration:   761   Dual objective     =          -226.894337
Iteration:  1052   Dual objective     =          -263.509393
Iteration:  1319   Dual objective     =          -299.469622
Iteration:  1592   Dual objective     =          -333.244374
Iteration:  1832   Dual objective     =          -358.057850
Iteration:  2103   Dual objective     =          -386.251068
Iteration:  2327   Dual objective     =          -411.879134
Iteration:  2595   Dual objective     =          -430.472597
Perturbation started.
Iteration:  2702   Dual objective     =          -430.472597
Iteration:  2950   Dual objective     =          -450.503459
Iteration:  3192   Dual objective     =          -487.978744
Iteration:  3434   Dual objective     =          -508.939228
Iteration:  3717   Dual objective     =          -556.239413
Iteration:  3931   Dual objective     =          -587.024575
Iteration:  4078   Dual objective     =          -593.464742
Iteration:  4241   Dual objective     =          -616.584765
Iteration:  4391   Dual objective     =          -630.947127
Iteration:  4510   Dual objective     =          -638.364536
Iteration:  4664   Dual objective     =          -656.637050
Iteration:  4797   Dual objective     =          -677.338761
Iteration:  4960   Dual objective     =          -698.486268
Iteration:  5129   Dual objective     =          -718.108377
Iteration:  5227   Dual objective     =          -718.108379
Iteration:  5308   Dual objective     =          -718.108382
Iteration:  5392   Dual objective     =          -718.108385
Iteration:  5470   Dual objective     =          -718.108387
Iteration:  5546   Dual objective     =          -718.108390
Iteration:  5623   Dual objective     =          -718.108393
Iteration:  5699   Dual objective     =          -718.108395
Iteration:  5766   Dual objective     =          -734.912202
Iteration:  5838   Dual objective     =          -734.912202
Iteration:  5915   Dual objective     =          -734.912202
Iteration:  5992   Dual objective     =          -734.912202
Iteration:  6066   Dual objective     =          -734.912202
Iteration:  6141   Dual objective     =          -734.912202
Iteration:  6215   Dual objective     =          -734.912202
Iteration:  6289   Dual objective     =          -734.912202
Iteration:  6365   Dual objective     =          -734.912202
Iteration:  6436   Dual objective     =          -734.912202
Iteration:  6511   Dual objective     =          -734.912202
Iteration:  6583   Dual objective     =          -734.912202
Iteration:  6652   Dual objective     =          -734.912202
Iteration:  6721   Dual objective     =          -734.912202
Iteration:  6791   Dual objective     =          -734.912202
Iteration:  6865   Dual objective     =          -734.912202
Iteration:  6936   Dual objective     =          -734.912202
Iteration:  7005   Dual objective     =          -734.912202
Iteration:  7077   Dual objective     =          -734.912202
Iteration:  7149   Dual objective     =          -734.912202
Iteration:  7221   Dual objective     =          -734.912202
Iteration:  7291   Dual objective     =          -734.912202
Iteration:  7361   Dual objective     =          -734.912202
Iteration:  7431   Dual objective     =          -734.912202
Iteration:  7499   Dual objective     =          -734.912202
Iteration:  7567   Dual objective     =          -734.912203
Iteration:  7639   Dual objective     =          -734.912203
Iteration:  7710   Dual objective     =          -734.912203
Iteration:  7777   Dual objective     =          -734.912203
Iteration:  7847   Dual objective     =          -734.912203
Iteration:  7916   Dual objective     =          -735.015610
Iteration:  7984   Dual objective     =          -735.015610
Iteration:  8053   Dual objective     =          -735.015610
Iteration:  8122   Dual objective     =          -735.015610
Iteration:  8190   Dual objective     =          -735.015610
Iteration:  8258   Dual objective     =          -735.015610
Iteration:  8328   Dual objective     =          -735.015610
Iteration:  8396   Dual objective     =          -735.015610
Iteration:  8465   Dual objective     =          -735.015610
Iteration:  8533   Dual objective     =          -735.015610
Iteration:  8602   Dual objective     =          -735.015610
Iteration:  8671   Dual objective     =          -735.015610
Iteration:  8743   Dual objective     =          -735.015610
Iteration:  8817   Dual objective     =          -735.015610
Iteration:  8886   Dual objective     =          -735.015610
Iteration:  8956   Dual objective     =          -735.015610
Iteration:  9025   Dual objective     =          -735.015610
Iteration:  9093   Dual objective     =          -735.015610
Iteration:  9162   Dual objective     =          -735.015610
Iteration:  9230   Dual objective     =          -735.015610
Removing perturbation.

Barrier solved model.


Log for 'CPLEX' Clone_2 (V12.7.1.0) Fri Oct 06 16:09:04 2017


Iteration log . . .
Iteration:     1   Dual objective     =            -0.587471
Iteration:   417   Dual objective     =          -149.602170
Iteration:   761   Dual objective     =          -226.894337
Iteration:  1052   Dual objective     =          -263.509393
Iteration:  1319   Dual objective     =          -299.469622
Iteration:  1592   Dual objective     =          -333.244374
Iteration:  1832   Dual objective     =          -358.057850
Iteration:  2103   Dual objective     =          -386.251068
Iteration:  2327   Dual objective     =          -411.879134
Iteration:  2595   Dual objective     =          -430.472597
Perturbation started.
Iteration:  2702   Dual objective     =          -430.472597
Iteration:  2950   Dual objective     =          -450.503459
Iteration:  3192   Dual objective     =          -487.978744
Iteration:  3434   Dual objective     =          -508.939228
Iteration:  3717   Dual objective     =          -556.239413
Iteration:  3931   Dual objective     =          -587.024575
Iteration:  4078   Dual objective     =          -593.464742
Iteration:  4241   Dual objective     =          -616.584765
Iteration:  4391   Dual objective     =          -630.947127
Iteration:  4510   Dual objective     =          -638.364536
Iteration:  4664   Dual objective     =          -656.637050
Iteration:  4797   Dual objective     =          -677.338761
Iteration:  4960   Dual objective     =          -698.486268
Iteration:  5129   Dual objective     =          -718.108377
Iteration:  5227   Dual objective     =          -718.108379
Iteration:  5308   Dual objective     =          -718.108382
Iteration:  5392   Dual objective     =          -718.108385
Iteration:  5470   Dual objective     =          -718.108387
Iteration:  5546   Dual objective     =          -718.108390
Iteration:  5623   Dual objective     =          -718.108393
Iteration:  5699   Dual objective     =          -718.108395
Iteration:  5766   Dual objective     =          -734.912202
Iteration:  5838   Dual objective     =          -734.912202
Iteration:  5915   Dual objective     =          -734.912202
Iteration:  5992   Dual objective     =          -734.912202
Iteration:  6066   Dual objective     =          -734.912202
Iteration:  6141   Dual objective     =          -734.912202
Iteration:  6215   Dual objective     =          -734.912202
Iteration:  6289   Dual objective     =          -734.912202
Iteration:  6365   Dual objective     =          -734.912202
Iteration:  6436   Dual objective     =          -734.912202
Iteration:  6511   Dual objective     =          -734.912202
Iteration:  6583   Dual objective     =          -734.912202
Iteration:  6652   Dual objective     =          -734.912202
Iteration:  6721   Dual objective     =          -734.912202
Iteration:  6791   Dual objective     =          -734.912202
Iteration:  6865   Dual objective     =          -734.912202
Iteration:  6936   Dual objective     =          -734.912202
Iteration:  7005   Dual objective     =          -734.912202
Iteration:  7077   Dual objective     =          -734.912202
Iteration:  7149   Dual objective     =          -734.912202
Iteration:  7221   Dual objective     =          -734.912202
Iteration:  7291   Dual objective     =          -734.912202
Iteration:  7361   Dual objective     =          -734.912202
Iteration:  7431   Dual objective     =          -734.912202
Iteration:  7499   Dual objective     =          -734.912202
Iteration:  7567   Dual objective     =          -734.912203
Iteration:  7639   Dual objective     =          -734.912203
Iteration:  7710   Dual objective     =          -734.912203
Iteration:  7777   Dual objective     =          -734.912203
Iteration:  7847   Dual objective     =          -734.912203
Iteration:  7916   Dual objective     =          -735.015610
Iteration:  7984   Dual objective     =          -735.015610
Iteration:  8053   Dual objective     =          -735.015610
Iteration:  8122   Dual objective     =          -735.015610
Iteration:  8190   Dual objective     =          -735.015610
Iteration:  8258   Dual objective     =          -735.015610
Iteration:  8328   Dual objective     =          -735.015610
Iteration:  8396   Dual objective     =          -735.015610
Iteration:  8465   Dual objective     =          -735.015610
Iteration:  8533   Dual objective     =          -735.015610
Iteration:  8602   Dual objective     =          -735.015610
Iteration:  8671   Dual objective     =          -735.015610
Iteration:  8743   Dual objective     =          -735.015610
Iteration:  8817   Dual objective     =          -735.015610
Iteration:  8886   Dual objective     =          -735.015610
Iteration:  8956   Dual objective     =          -735.015610
Iteration:  9025   Dual objective     =          -735.015610
Iteration:  9093   Dual objective     =          -735.015610
Iteration:  9162   Dual objective     =          -735.015610
Iteration:  9230   Dual objective     =          -735.015610
Removing perturbation.

Barrier solved model.


Log for 'CPLEX' Clone_2 (V12.7.1.0) Fri Oct 06 16:09:28 2017


Iteration log . . .
Iteration:     1   Dual objective     =            -0.587471
Iteration:   417   Dual objective     =          -149.602170
Iteration:   761   Dual objective     =          -226.894337
Iteration:  1052   Dual objective     =          -263.509393
Iteration:  1319   Dual objective     =          -299.469622
Iteration:  1592   Dual objective     =          -333.244374
Iteration:  1832   Dual objective     =          -358.057850
Iteration:  2103   Dual objective     =          -386.251068
Iteration:  2327   Dual objective     =          -411.879134
Iteration:  2595   Dual objective     =          -430.472597
Perturbation started.
Iteration:  2702   Dual objective     =          -430.472597
Iteration:  2950   Dual objective     =          -450.503459
Iteration:  3192   Dual objective     =          -487.978744
Iteration:  3434   Dual objective     =          -508.939228
Iteration:  3717   Dual objective     =          -556.239413
Iteration:  3931   Dual objective     =          -587.024575
Iteration:  4078   Dual objective     =          -593.464742
Iteration:  4241   Dual objective     =          -616.584765
Iteration:  4391   Dual objective     =          -630.947127
Iteration:  4510   Dual objective     =          -638.364536
Iteration:  4664   Dual objective     =          -656.637050
Iteration:  4797   Dual objective     =          -677.338761
Iteration:  4960   Dual objective     =          -698.486268
Iteration:  5129   Dual objective     =          -718.108377
Iteration:  5227   Dual objective     =          -718.108379
Iteration:  5308   Dual objective     =          -718.108382
Iteration:  5392   Dual objective     =          -718.108385
Iteration:  5470   Dual objective     =          -718.108387
Iteration:  5546   Dual objective     =          -718.108390
Iteration:  5623   Dual objective     =          -718.108393
Iteration:  5699   Dual objective     =          -718.108395
Iteration:  5766   Dual objective     =          -734.912202
Iteration:  5838   Dual objective     =          -734.912202
Iteration:  5915   Dual objective     =          -734.912202
Iteration:  5992   Dual objective     =          -734.912202
Iteration:  6066   Dual objective     =          -734.912202
Iteration:  6141   Dual objective     =          -734.912202
Iteration:  6215   Dual objective     =          -734.912202
Iteration:  6289   Dual objective     =          -734.912202
Iteration:  6365   Dual objective     =          -734.912202
Iteration:  6436   Dual objective     =          -734.912202
Iteration:  6511   Dual objective     =          -734.912202
Iteration:  6583   Dual objective     =          -734.912202
Iteration:  6652   Dual objective     =          -734.912202
Iteration:  6721   Dual objective     =          -734.912202
Iteration:  6791   Dual objective     =          -734.912202
Iteration:  6865   Dual objective     =          -734.912202
Iteration:  6936   Dual objective     =          -734.912202
Iteration:  7005   Dual objective     =          -734.912202
Iteration:  7077   Dual objective     =          -734.912202
Iteration:  7149   Dual objective     =          -734.912202
Iteration:  7221   Dual objective     =          -734.912202
Iteration:  7291   Dual objective     =          -734.912202
Iteration:  7361   Dual objective     =          -734.912202
Iteration:  7431   Dual objective     =          -734.912202
Iteration:  7499   Dual objective     =          -734.912202
Iteration:  7567   Dual objective     =          -734.912203
Iteration:  7639   Dual objective     =          -734.912203
Iteration:  7710   Dual objective     =          -734.912203
Iteration:  7777   Dual objective     =          -734.912203
Iteration:  7847   Dual objective     =          -734.912203
Iteration:  7916   Dual objective     =          -735.015610
Iteration:  7984   Dual objective     =          -735.015610
Iteration:  8053   Dual objective     =          -735.015610
Iteration:  8122   Dual objective     =          -735.015610
Iteration:  8190   Dual objective     =          -735.015610
Iteration:  8258   Dual objective     =          -735.015610
Iteration:  8328   Dual objective     =          -735.015610
Iteration:  8396   Dual objective     =          -735.015610
Iteration:  8465   Dual objective     =          -735.015610
Iteration:  8533   Dual objective     =          -735.015610
Iteration:  8602   Dual objective     =          -735.015610
Iteration:  8671   Dual objective     =          -735.015610
Iteration:  8743   Dual objective     =          -735.015610
Iteration:  8817   Dual objective     =          -735.015610
Iteration:  8886   Dual objective     =          -735.015610
Iteration:  8956   Dual objective     =          -735.015610
Iteration:  9025   Dual objective     =          -735.015610
Iteration:  9093   Dual objective     =          -735.015610
Iteration:  9162   Dual objective     =          -735.015610
Iteration:  9230   Dual objective     =          -735.015610
Removing perturbation.

Barrier solved model.


Log for 'CPLEX' Clone_2 (V12.7.1.0) Fri Oct 06 16:09:52 2017


Iteration log . . .
Iteration:     1   Dual objective     =            -0.587471
Iteration:   417   Dual objective     =          -149.602170
Iteration:   761   Dual objective     =          -226.894337
Iteration:  1052   Dual objective     =          -263.509393
Iteration:  1319   Dual objective     =          -299.469622
Iteration:  1592   Dual objective     =          -333.244374
Iteration:  1832   Dual objective     =          -358.057850
Iteration:  2103   Dual objective     =          -386.251068
Iteration:  2327   Dual objective     =          -411.879134
Iteration:  2595   Dual objective     =          -430.472597
Perturbation started.
Iteration:  2702   Dual objective     =          -430.472597
Iteration:  2950   Dual objective     =          -450.503459
Iteration:  3192   Dual objective     =          -487.978744
Iteration:  3434   Dual objective     =          -508.939228
Iteration:  3717   Dual objective     =          -556.239413
Iteration:  3931   Dual objective     =          -587.024575
Iteration:  4078   Dual objective     =          -593.464742
Iteration:  4241   Dual objective     =          -616.584765
Iteration:  4391   Dual objective     =          -630.947127
Iteration:  4510   Dual objective     =          -638.364536
Iteration:  4664   Dual objective     =          -656.637050
Iteration:  4797   Dual objective     =          -677.338761
Iteration:  4960   Dual objective     =          -698.486268
Iteration:  5129   Dual objective     =          -718.108377
Iteration:  5227   Dual objective     =          -718.108379
Iteration:  5308   Dual objective     =          -718.108382
Iteration:  5392   Dual objective     =          -718.108385
Iteration:  5470   Dual objective     =          -718.108387
Iteration:  5546   Dual objective     =          -718.108390
Iteration:  5623   Dual objective     =          -718.108393
Iteration:  5699   Dual objective     =          -718.108395
Iteration:  5766   Dual objective     =          -734.912202
Iteration:  5838   Dual objective     =          -734.912202
Iteration:  5915   Dual objective     =          -734.912202
Iteration:  5992   Dual objective     =          -734.912202
Iteration:  6066   Dual objective     =          -734.912202
Iteration:  6141   Dual objective     =          -734.912202
Iteration:  6215   Dual objective     =          -734.912202
Iteration:  6289   Dual objective     =          -734.912202
Iteration:  6365   Dual objective     =          -734.912202
Iteration:  6436   Dual objective     =          -734.912202
Iteration:  6511   Dual objective     =          -734.912202
Iteration:  6583   Dual objective     =          -734.912202
Iteration:  6652   Dual objective     =          -734.912202
Iteration:  6721   Dual objective     =          -734.912202
Iteration:  6791   Dual objective     =          -734.912202
Iteration:  6865   Dual objective     =          -734.912202
Iteration:  6936   Dual objective     =          -734.912202
Iteration:  7005   Dual objective     =          -734.912202
Iteration:  7077   Dual objective     =          -734.912202
Iteration:  7149   Dual objective     =          -734.912202
Iteration:  7221   Dual objective     =          -734.912202
Iteration:  7291   Dual objective     =          -734.912202
Iteration:  7361   Dual objective     =          -734.912202
Iteration:  7431   Dual objective     =          -734.912202
Iteration:  7499   Dual objective     =          -734.912202
Iteration:  7567   Dual objective     =          -734.912203
Iteration:  7639   Dual objective     =          -734.912203
Iteration:  7710   Dual objective     =          -734.912203
Iteration:  7777   Dual objective     =          -734.912203
Iteration:  7847   Dual objective     =          -734.912203
Iteration:  7916   Dual objective     =          -735.015610
Iteration:  7984   Dual objective     =          -735.015610
Iteration:  8053   Dual objective     =          -735.015610
Iteration:  8122   Dual objective     =          -735.015610
Iteration:  8190   Dual objective     =          -735.015610
Iteration:  8258   Dual objective     =          -735.015610
Iteration:  8328   Dual objective     =          -735.015610
Iteration:  8396   Dual objective     =          -735.015610
Iteration:  8465   Dual objective     =          -735.015610
Iteration:  8533   Dual objective     =          -735.015610
Iteration:  8602   Dual objective     =          -735.015610
Iteration:  8671   Dual objective     =          -735.015610
Iteration:  8743   Dual objective     =          -735.015610
Iteration:  8817   Dual objective     =          -735.015610
Iteration:  8886   Dual objective     =          -735.015610
Iteration:  8956   Dual objective     =          -735.015610
Iteration:  9025   Dual objective     =          -735.015610
Iteration:  9093   Dual objective     =          -735.015610
Iteration:  9162   Dual objective     =          -735.015610
Iteration:  9230   Dual objective     =          -735.015610
Removing perturbation.

Barrier solved model.


Log for 'CPLEX' Clone_2 (V12.7.1.0) Fri Oct 06 16:10:16 2017


Iteration log . . .
Iteration:     1   Dual objective     =            -0.587471
Iteration:   417   Dual objective     =          -149.602170
Iteration:   761   Dual objective     =          -226.894337
Iteration:  1052   Dual objective     =          -263.509393
Iteration:  1319   Dual objective     =          -299.469622
Iteration:  1592   Dual objective     =          -333.244374
Iteration:  1832   Dual objective     =          -358.057850
Iteration:  2103   Dual objective     =          -386.251068
Iteration:  2327   Dual objective     =          -411.879134
Iteration:  2595   Dual objective     =          -430.472597
Perturbation started.
Iteration:  2702   Dual objective     =          -430.472597
Iteration:  2950   Dual objective     =          -450.503459
Iteration:  3192   Dual objective     =          -487.978744
Iteration:  3434   Dual objective     =          -508.939228
Iteration:  3717   Dual objective     =          -556.239413
Iteration:  3931   Dual objective     =          -587.024575
Iteration:  4078   Dual objective     =          -593.464742
Iteration:  4241   Dual objective     =          -616.584765
Iteration:  4391   Dual objective     =          -630.947127
Iteration:  4510   Dual objective     =          -638.364536
Iteration:  4664   Dual objective     =          -656.637050
Iteration:  4797   Dual objective     =          -677.338761
Iteration:  4960   Dual objective     =          -698.486268
Iteration:  5129   Dual objective     =          -718.108377
Iteration:  5227   Dual objective     =          -718.108379
Iteration:  5308   Dual objective     =          -718.108382
Iteration:  5392   Dual objective     =          -718.108385
Iteration:  5470   Dual objective     =          -718.108387
Iteration:  5546   Dual objective     =          -718.108390
Iteration:  5623   Dual objective     =          -718.108393
Iteration:  5699   Dual objective     =          -718.108395
Iteration:  5766   Dual objective     =          -734.912202
Iteration:  5838   Dual objective     =          -734.912202
Iteration:  5915   Dual objective     =          -734.912202
Iteration:  5992   Dual objective     =          -734.912202
Iteration:  6066   Dual objective     =          -734.912202
Iteration:  6141   Dual objective     =          -734.912202
Iteration:  6215   Dual objective     =          -734.912202
Iteration:  6289   Dual objective     =          -734.912202
Iteration:  6365   Dual objective     =          -734.912202
Iteration:  6436   Dual objective     =          -734.912202
Iteration:  6511   Dual objective     =          -734.912202
Iteration:  6583   Dual objective     =          -734.912202
Iteration:  6652   Dual objective     =          -734.912202
Iteration:  6721   Dual objective     =          -734.912202
Iteration:  6791   Dual objective     =          -734.912202
Iteration:  6865   Dual objective     =          -734.912202
Iteration:  6936   Dual objective     =          -734.912202
Iteration:  7005   Dual objective     =          -734.912202
Iteration:  7077   Dual objective     =          -734.912202
Iteration:  7149   Dual objective     =          -734.912202
Iteration:  7221   Dual objective     =          -734.912202
Iteration:  7291   Dual objective     =          -734.912202
Iteration:  7361   Dual objective     =          -734.912202
Iteration:  7431   Dual objective     =          -734.912202
Iteration:  7499   Dual objective     =          -734.912202
Iteration:  7567   Dual objective     =          -734.912203
Iteration:  7639   Dual objective     =          -734.912203
Iteration:  7710   Dual objective     =          -734.912203
Iteration:  7777   Dual objective     =          -734.912203
Iteration:  7847   Dual objective     =          -734.912203
Iteration:  7916   Dual objective     =          -735.015610
Iteration:  7984   Dual objective     =          -735.015610
Iteration:  8053   Dual objective     =          -735.015610
Iteration:  8122   Dual objective     =          -735.015610
Iteration:  8190   Dual objective     =          -735.015610
Iteration:  8258   Dual objective     =          -735.015610
Iteration:  8328   Dual objective     =          -735.015610
Iteration:  8396   Dual objective     =          -735.015610
Iteration:  8465   Dual objective     =          -735.015610
Iteration:  8533   Dual objective     =          -735.015610
Iteration:  8602   Dual objective     =          -735.015610
Iteration:  8671   Dual objective     =          -735.015610
Iteration:  8743   Dual objective     =          -735.015610
Iteration:  8817   Dual objective     =          -735.015610
Iteration:  8886   Dual objective     =          -735.015610
Iteration:  8956   Dual objective     =          -735.015610
Iteration:  9025   Dual objective     =          -735.015610
Iteration:  9093   Dual objective     =          -735.015610
Iteration:  9162   Dual objective     =          -735.015610
Iteration:  9230   Dual objective     =          -735.015610
Removing perturbation.

Barrier solved model.


Log for 'CPLEX' Clone_2 (V12.7.1.0) Fri Oct 06 16:10:40 2017


Iteration log . . .
Iteration:     1   Dual objective     =            -0.587471
Iteration:   417   Dual objective     =          -149.602170
Iteration:   761   Dual objective     =          -226.894337
Iteration:  1052   Dual objective     =          -263.509393
Iteration:  1319   Dual objective     =          -299.469622
Iteration:  1592   Dual objective     =          -333.244374
Iteration:  1832   Dual objective     =          -358.057850
Iteration:  2103   Dual objective     =          -386.251068
Iteration:  2327   Dual objective     =          -411.879134
Iteration:  2595   Dual objective     =          -430.472597
Perturbation started.
Iteration:  2702   Dual objective     =          -430.472597
Iteration:  2950   Dual objective     =          -450.503459
Iteration:  3192   Dual objective     =          -487.978744
Iteration:  3434   Dual objective     =          -508.939228
Iteration:  3717   Dual objective     =          -556.239413
Iteration:  3931   Dual objective     =          -587.024575
Iteration:  4078   Dual objective     =          -593.464742
Iteration:  4241   Dual objective     =          -616.584765
Iteration:  4391   Dual objective     =          -630.947127
Iteration:  4510   Dual objective     =          -638.364536
Iteration:  4664   Dual objective     =          -656.637050
Iteration:  4797   Dual objective     =          -677.338761
Iteration:  4960   Dual objective     =          -698.486268
Iteration:  5129   Dual objective     =          -718.108377
Iteration:  5227   Dual objective     =          -718.108379
Iteration:  5308   Dual objective     =          -718.108382
Iteration:  5392   Dual objective     =          -718.108385
Iteration:  5470   Dual objective     =          -718.108387
Iteration:  5546   Dual objective     =          -718.108390
Iteration:  5623   Dual objective     =          -718.108393
Iteration:  5699   Dual objective     =          -718.108395
Iteration:  5766   Dual objective     =          -734.912202
Iteration:  5838   Dual objective     =          -734.912202
Iteration:  5915   Dual objective     =          -734.912202
Iteration:  5992   Dual objective     =          -734.912202
Iteration:  6066   Dual objective     =          -734.912202
Iteration:  6141   Dual objective     =          -734.912202
Iteration:  6215   Dual objective     =          -734.912202
Iteration:  6289   Dual objective     =          -734.912202
Iteration:  6365   Dual objective     =          -734.912202
Iteration:  6436   Dual objective     =          -734.912202
Iteration:  6511   Dual objective     =          -734.912202
Iteration:  6583   Dual objective     =          -734.912202
Iteration:  6652   Dual objective     =          -734.912202
Iteration:  6721   Dual objective     =          -734.912202
Iteration:  6791   Dual objective     =          -734.912202
Iteration:  6865   Dual objective     =          -734.912202
Iteration:  6936   Dual objective     =          -734.912202
Iteration:  7005   Dual objective     =          -734.912202
Iteration:  7077   Dual objective     =          -734.912202
Iteration:  7149   Dual objective     =          -734.912202
Iteration:  7221   Dual objective     =          -734.912202
Iteration:  7291   Dual objective     =          -734.912202
Iteration:  7361   Dual objective     =          -734.912202
Iteration:  7431   Dual objective     =          -734.912202
Iteration:  7499   Dual objective     =          -734.912202
Iteration:  7567   Dual objective     =          -734.912203
Iteration:  7639   Dual objective     =          -734.912203
Iteration:  7710   Dual objective     =          -734.912203
Iteration:  7777   Dual objective     =          -734.912203
Iteration:  7847   Dual objective     =          -734.912203
Iteration:  7916   Dual objective     =          -735.015610
Iteration:  7984   Dual objective     =          -735.015610
Iteration:  8053   Dual objective     =          -735.015610
Iteration:  8122   Dual objective     =          -735.015610
Iteration:  8190   Dual objective     =          -735.015610
Iteration:  8258   Dual objective     =          -735.015610
Iteration:  8328   Dual objective     =          -735.015610
Iteration:  8396   Dual objective     =          -735.015610
Iteration:  8465   Dual objective     =          -735.015610
Iteration:  8533   Dual objective     =          -735.015610
Iteration:  8602   Dual objective     =          -735.015610
Iteration:  8671   Dual objective     =          -735.015610
Iteration:  8743   Dual objective     =          -735.015610
Iteration:  8817   Dual objective     =          -735.015610
Iteration:  8886   Dual objective     =          -735.015610
Iteration:  8956   Dual objective     =          -735.015610
Iteration:  9025   Dual objective     =          -735.015610
Iteration:  9093   Dual objective     =          -735.015610
Iteration:  9162   Dual objective     =          -735.015610
Iteration:  9230   Dual objective     =          -735.015610
Removing perturbation.

Barrier solved model.


Log for 'CPLEX' Clone_2 (V12.7.1.0) Fri Oct 06 16:11:04 2017


Iteration log . . .
Iteration:     1   Dual objective     =            -0.587471
Iteration:   417   Dual objective     =          -149.602170
Iteration:   761   Dual objective     =          -226.894337
Iteration:  1052   Dual objective     =          -263.509393
Iteration:  1319   Dual objective     =          -299.469622
Iteration:  1592   Dual objective     =          -333.244374
Iteration:  1832   Dual objective     =          -358.057850
Iteration:  2103   Dual objective     =          -386.251068
Iteration:  2327   Dual objective     =          -411.879134
Iteration:  2595   Dual objective     =          -430.472597
Perturbation started.
Iteration:  2702   Dual objective     =          -430.472597
Iteration:  2950   Dual objective     =          -450.503459
Iteration:  3192   Dual objective     =          -487.978744
Iteration:  3434   Dual objective     =          -508.939228
Iteration:  3717   Dual objective     =          -556.239413
Iteration:  3931   Dual objective     =          -587.024575
Iteration:  4078   Dual objective     =          -593.464742
Iteration:  4241   Dual objective     =          -616.584765
Iteration:  4391   Dual objective     =          -630.947127
Iteration:  4510   Dual objective     =          -638.364536
Iteration:  4664   Dual objective     =          -656.637050
Iteration:  4797   Dual objective     =          -677.338761
Iteration:  4960   Dual objective     =          -698.486268
Iteration:  5129   Dual objective     =          -718.108377
Iteration:  5227   Dual objective     =          -718.108379
Iteration:  5308   Dual objective     =          -718.108382
Iteration:  5392   Dual objective     =          -718.108385
Iteration:  5470   Dual objective     =          -718.108387
Iteration:  5546   Dual objective     =          -718.108390
Iteration:  5623   Dual objective     =          -718.108393
Iteration:  5699   Dual objective     =          -718.108395
Iteration:  5766   Dual objective     =          -734.912202
Iteration:  5838   Dual objective     =          -734.912202
Iteration:  5915   Dual objective     =          -734.912202
Iteration:  5992   Dual objective     =          -734.912202
Iteration:  6066   Dual objective     =          -734.912202
Iteration:  6141   Dual objective     =          -734.912202
Iteration:  6215   Dual objective     =          -734.912202
Iteration:  6289   Dual objective     =          -734.912202
Iteration:  6365   Dual objective     =          -734.912202
Iteration:  6436   Dual objective     =          -734.912202
Iteration:  6511   Dual objective     =          -734.912202
Iteration:  6583   Dual objective     =          -734.912202
Iteration:  6652   Dual objective     =          -734.912202
Iteration:  6721   Dual objective     =          -734.912202
Iteration:  6791   Dual objective     =          -734.912202
Iteration:  6865   Dual objective     =          -734.912202
Iteration:  6936   Dual objective     =          -734.912202
Iteration:  7005   Dual objective     =          -734.912202
Iteration:  7077   Dual objective     =          -734.912202
Iteration:  7149   Dual objective     =          -734.912202
Iteration:  7221   Dual objective     =          -734.912202
Iteration:  7291   Dual objective     =          -734.912202
Iteration:  7361   Dual objective     =          -734.912202
Iteration:  7431   Dual objective     =          -734.912202
Iteration:  7499   Dual objective     =          -734.912202
Iteration:  7567   Dual objective     =          -734.912203
Iteration:  7639   Dual objective     =          -734.912203
Iteration:  7710   Dual objective     =          -734.912203
Iteration:  7777   Dual objective     =          -734.912203
Iteration:  7847   Dual objective     =          -734.912203
Iteration:  7916   Dual objective     =          -735.015610
Iteration:  7984   Dual objective     =          -735.015610
Iteration:  8053   Dual objective     =          -735.015610
Iteration:  8122   Dual objective     =          -735.015610
Iteration:  8190   Dual objective     =          -735.015610
Iteration:  8258   Dual objective     =          -735.015610
Iteration:  8328   Dual objective     =          -735.015610
Iteration:  8396   Dual objective     =          -735.015610
Iteration:  8465   Dual objective     =          -735.015610
Iteration:  8533   Dual objective     =          -735.015610
Iteration:  8602   Dual objective     =          -735.015610
Iteration:  8671   Dual objective     =          -735.015610
Iteration:  8743   Dual objective     =          -735.015610
Iteration:  8817   Dual objective     =          -735.015610
Iteration:  8886   Dual objective     =          -735.015610
Iteration:  8956   Dual objective     =          -735.015610
Iteration:  9025   Dual objective     =          -735.015610
Iteration:  9093   Dual objective     =          -735.015610
Iteration:  9162   Dual objective     =          -735.015610
Iteration:  9230   Dual objective     =          -735.015610
Removing perturbation.

Barrier solved model.

